[[1;34mINFO[m] Scanning for projects...
[[1;34mINFO[m] 
[[1;34mINFO[m] [1m----------------------< [0;36mcom.examly:SpringBootEmp[0;1m >----------------------[m
[[1;34mINFO[m] [1mBuilding SpringBootEmp 0.0.1-SNAPSHOT[m
[[1;34mINFO[m] [1m--------------------------------[ jar ]---------------------------------[m
[[1;34mINFO[m] 
[[1;34mINFO[m] [1m>>> [0;32mspring-boot-maven-plugin:2.7.0:run[m [1m(default-cli)[0;1m > [0;1mtest-compile[m @ [36mSpringBootEmp[0;1m >>>[m
[[1;34mINFO[m] 
[[1;34mINFO[m] [1m--- [0;32mmaven-resources-plugin:3.2.0:resources[m [1m(default-resources)[m @ [36mSpringBootEmp[0;1m ---[m
[[1;34mINFO[m] Using 'UTF-8' encoding to copy filtered resources.
[[1;34mINFO[m] Using 'UTF-8' encoding to copy filtered properties files.
[[1;34mINFO[m] Copying 1 resource
[[1;34mINFO[m] Copying 0 resource
[[1;34mINFO[m] 
[[1;34mINFO[m] [1m--- [0;32mmaven-compiler-plugin:3.10.1:compile[m [1m(default-compile)[m @ [36mSpringBootEmp[0;1m ---[m
[[1;34mINFO[m] Nothing to compile - all classes are up to date
[[1;34mINFO[m] 
[[1;34mINFO[m] [1m--- [0;32mmaven-resources-plugin:3.2.0:testResources[m [1m(default-testResources)[m @ [36mSpringBootEmp[0;1m ---[m
[[1;34mINFO[m] Using 'UTF-8' encoding to copy filtered resources.
[[1;34mINFO[m] Using 'UTF-8' encoding to copy filtered properties files.
[[1;34mINFO[m] skip non existing resourceDirectory /home/coder/project/workspace/springapp/src/test/resources
[[1;34mINFO[m] 
[[1;34mINFO[m] [1m--- [0;32mmaven-compiler-plugin:3.10.1:testCompile[m [1m(default-testCompile)[m @ [36mSpringBootEmp[0;1m ---[m
[[1;34mINFO[m] Nothing to compile - all classes are up to date
[[1;34mINFO[m] 
[[1;34mINFO[m] [1m<<< [0;32mspring-boot-maven-plugin:2.7.0:run[m [1m(default-cli)[0;1m < [0;1mtest-compile[m @ [36mSpringBootEmp[0;1m <<<[m
[[1;34mINFO[m] 
[[1;34mINFO[m] 
[[1;34mINFO[m] [1m--- [0;32mspring-boot-maven-plugin:2.7.0:run[m [1m(default-cli)[m @ [36mSpringBootEmp[0;1m ---[m
[[1;34mINFO[m] Attaching agents: []

  .   ____          _            __ _ _
 /\\ / ___'_ __ _ _(_)_ __  __ _ \ \ \ \
( ( )\___ | '_ | '_| | '_ \/ _` | \ \ \ \
 \\/  ___)| |_)| | | | | || (_| |  ) ) ) )
  '  |____| .__|_| |_|_| |_\__, | / / / /
 =========|_|==============|___/=/_/_/_/
 :: Spring Boot ::                (v2.7.0)

2025-10-13 10:24:23.520  INFO 33011 --- [           main] c.examly.springapp.SpringappApplication  : Starting SpringappApplication using Java 17.0.15 on eabafdeaaedfdaeabecfcdcbcbcbccaa-0 with PID 33011 (/home/coder/project/workspace/springapp/target/classes started by coder in /home/coder/project/workspace/springapp)
2025-10-13 10:24:23.522  INFO 33011 --- [           main] c.examly.springapp.SpringappApplication  : No active profile set, falling back to 1 default profile: "default"
2025-10-13 10:24:23.920  INFO 33011 --- [           main] .s.d.r.c.RepositoryConfigurationDelegate : Bootstrapping Spring Data JPA repositories in DEFAULT mode.
2025-10-13 10:24:23.946  INFO 33011 --- [           main] .s.d.r.c.RepositoryConfigurationDelegate : Finished Spring Data repository scanning in 21 ms. Found 1 JPA repository interfaces.
2025-10-13 10:24:24.234  INFO 33011 --- [           main] o.s.b.w.embedded.tomcat.TomcatWebServer  : Tomcat initialized with port(s): 8080 (http)
2025-10-13 10:24:24.240  INFO 33011 --- [           main] o.apache.catalina.core.StandardService   : Starting service [Tomcat]
2025-10-13 10:24:24.241  INFO 33011 --- [           main] org.apache.catalina.core.StandardEngine  : Starting Servlet engine: [Apache Tomcat/9.0.63]
2025-10-13 10:24:24.298  INFO 33011 --- [           main] o.a.c.c.C.[Tomcat].[localhost].[/]       : Initializing Spring embedded WebApplicationContext
2025-10-13 10:24:24.299  INFO 33011 --- [           main] w.s.c.ServletWebServerApplicationContext : Root WebApplicationContext: initialization completed in 746 ms
2025-10-13 10:24:24.318  INFO 33011 --- [           main] com.zaxxer.hikari.HikariDataSource       : HikariPool-1 - Starting...
2025-10-13 10:24:24.432  INFO 33011 --- [           main] com.zaxxer.hikari.HikariDataSource       : HikariPool-1 - Start completed.
2025-10-13 10:24:24.454  INFO 33011 --- [           main] o.s.b.a.h2.H2ConsoleAutoConfiguration    : H2 console available at '/h2-console'. Database available at 'jdbc:h2:mem:testdb'
2025-10-13 10:24:24.534  INFO 33011 --- [           main] o.hibernate.jpa.internal.util.LogHelper  : HHH000204: Processing PersistenceUnitInfo [name: default]
2025-10-13 10:24:24.559  INFO 33011 --- [           main] org.hibernate.Version                    : HHH000412: Hibernate ORM core version 5.6.9.Final
2025-10-13 10:24:24.650  INFO 33011 --- [           main] o.hibernate.annotations.common.Version   : HCANN000001: Hibernate Commons Annotations {5.1.2.Final}
2025-10-13 10:24:24.705  INFO 33011 --- [           main] org.hibernate.dialect.Dialect            : HHH000400: Using dialect: org.hibernate.dialect.H2Dialect
2025-10-13 10:24:25.002  INFO 33011 --- [           main] o.h.e.t.j.p.i.JtaPlatformInitiator       : HHH000490: Using JtaPlatform implementation: [org.hibernate.engine.transaction.jta.platform.internal.NoJtaPlatform]
2025-10-13 10:24:25.006  INFO 33011 --- [           main] j.LocalContainerEntityManagerFactoryBean : Initialized JPA EntityManagerFactory for persistence unit 'default'
2025-10-13 10:24:25.284  WARN 33011 --- [           main] JpaBaseConfiguration$JpaWebConfiguration : spring.jpa.open-in-view is enabled by default. Therefore, database queries may be performed during view rendering. Explicitly configure spring.jpa.open-in-view to disable this warning
2025-10-13 10:24:25.871  INFO 33011 --- [           main] o.s.b.w.embedded.tomcat.TomcatWebServer  : Tomcat started on port(s): 8080 (http) with context path ''
2025-10-13 10:24:25.878  INFO 33011 --- [           main] c.examly.springapp.SpringappApplication  : Started SpringappApplication in 2.589 seconds (JVM running for 2.774)
2025-10-13 10:27:20.550  INFO 33011 --- [nio-8080-exec-7] o.a.c.c.C.[Tomcat].[localhost].[/]       : Initializing Spring DispatcherServlet 'dispatcherServlet'
2025-10-13 10:27:20.550  INFO 33011 --- [nio-8080-exec-7] o.s.web.servlet.DispatcherServlet        : Initializing Servlet 'dispatcherServlet'
2025-10-13 10:27:20.552  INFO 33011 --- [nio-8080-exec-7] o.s.web.servlet.DispatcherServlet        : Completed initialization in 2 ms
